-------------------------------------------------------------------------------
Test set: com.uregina.app.DateLessThanTest
-------------------------------------------------------------------------------
Tests run: 1, Failures: 1, Errors: 0, Skipped: 0, Time elapsed: 0.012 s <<< FAILURE! - in com.uregina.app.DateLessThanTest
differentYearTrue(com.uregina.app.DateLessThanTest)  Time elapsed: 0.012 s  <<< FAILURE!
java.lang.AssertionError
	at com.uregina.app.DateLessThanTest.differentYearTrue(DateLessThanTest.java:17)

